# JRE version: OpenJDK Runtime Environment (17.0.9) (build 17.0.9+0--11185874)
# Java VM: OpenJDK 64-Bit Server VM (17.0.9+0--11185874, mixed mode, tiered, compressed oops, compressed class ptrs, g1 gc, windows-amd64)
GC Precious Log:
 CPUs: 8 total, 8 available
 Memory: 8029M
 Large Page Support: Disabled
 NUMA Support: Disabled
 Compressed Oops: Enabled (32-bit)
 Heap Region Size: 1M
 Heap Min Capacity: 8M
 Heap Initial Capacity: 126M
 Heap Max Capacity: 2G
 Pre-touch: Disabled
 Parallel Workers: 8
 Concurrent Workers: 2
 Concurrent Refinement Workers: 8
 Periodic GC: Disabled
Heap:
 garbage-first heap   total 295936K, used 253484K [0x0000000080000000, 0x0000000100000000)
  region size 1024K, 6 young (6144K), 6 survivors (6144K)
 Metaspace       used 109900K, committed 110720K, reserved 1179648K
  class space    used 14970K, committed 15360K, reserved 1048576K
GC Heap History (20 events):
Event: 12.938 GC heap before
{Heap before GC invocations=28 (full 0):
 garbage-first heap   total 261120K, used 90311K [0x0000000080000000, 0x0000000100000000)
  region size 1024K, 12 young (12288K), 11 survivors (11264K)
 Metaspace       used 90910K, committed 91584K, reserved 1179648K
  class space    used 12649K, committed 12992K, reserved 1048576K
}
Event: 12.944 GC heap after
{Heap after GC invocations=29 (full 0):
 garbage-first heap   total 261120K, used 89610K [0x0000000080000000, 0x0000000100000000)
  region size 1024K, 2 young (2048K), 2 survivors (2048K)
 Metaspace       used 90910K, committed 91584K, reserved 1179648K
  class space    used 12649K, committed 12992K, reserved 1048576K
}
Event: 14.361 GC heap before
{Heap before GC invocations=29 (full 0):
 garbage-first heap   total 261120K, used 210442K [0x0000000080000000, 0x0000000100000000)
  region size 1024K, 120 young (122880K), 2 survivors (2048K)
 Metaspace       used 99740K, committed 100480K, reserved 1179648K
  class space    used 14001K, committed 14336K, reserved 1048576K
}
Event: 14.369 GC heap after
{Heap after GC invocations=30 (full 0):
 garbage-first heap   total 261120K, used 97506K [0x0000000080000000, 0x0000000100000000)
  region size 1024K, 10 young (10240K), 10 survivors (10240K)
 Metaspace       used 99740K, committed 100480K, reserved 1179648K
  class space    used 14001K, committed 14336K, reserved 1048576K
}
Event: 14.868 GC heap before
{Heap before GC invocations=30 (full 0):
 garbage-first heap   total 261120K, used 169186K [0x0000000080000000, 0x0000000100000000)
  region size 1024K, 82 young (83968K), 10 survivors (10240K)
 Metaspace       used 100631K, committed 101376K, reserved 1179648K
  class space    used 14169K, committed 14528K, reserved 1048576K
}
Event: 14.877 GC heap after
{Heap after GC invocations=31 (full 0):
 garbage-first heap   total 261120K, used 102455K [0x0000000080000000, 0x0000000100000000)
  region size 1024K, 6 young (6144K), 6 survivors (6144K)
 Metaspace       used 100631K, committed 101376K, reserved 1179648K
  class space    used 14169K, committed 14528K, reserved 1048576K
}
Event: 16.807 GC heap before
{Heap before GC invocations=32 (full 0):
 garbage-first heap   total 261120K, used 225335K [0x0000000080000000, 0x0000000100000000)
  region size 1024K, 113 young (115712K), 6 survivors (6144K)
 Metaspace       used 104047K, committed 104896K, reserved 1179648K
  class space    used 14453K, committed 14912K, reserved 1048576K
}
Event: 16.821 GC heap after
{Heap after GC invocations=33 (full 0):
 garbage-first heap   total 261120K, used 128000K [0x0000000080000000, 0x0000000100000000)
  region size 1024K, 15 young (15360K), 15 survivors (15360K)
 Metaspace       used 104047K, committed 104896K, reserved 1179648K
  class space    used 14453K, committed 14912K, reserved 1048576K
}
Event: 16.831 GC heap before
{Heap before GC invocations=33 (full 0):
 garbage-first heap   total 261120K, used 129024K [0x0000000080000000, 0x0000000100000000)
  region size 1024K, 16 young (16384K), 15 survivors (15360K)
 Metaspace       used 104047K, committed 104896K, reserved 1179648K
  class space    used 14453K, committed 14912K, reserved 1048576K
}
Event: 16.840 GC heap after
{Heap after GC invocations=34 (full 0):
 garbage-first heap   total 261120K, used 129952K [0x0000000080000000, 0x0000000100000000)
  region size 1024K, 2 young (2048K), 2 survivors (2048K)
 Metaspace       used 104047K, committed 104896K, reserved 1179648K
  class space    used 14453K, committed 14912K, reserved 1048576K
}
Event: 17.719 GC heap before
{Heap before GC invocations=34 (full 0):
 garbage-first heap   total 261120K, used 208800K [0x0000000080000000, 0x0000000100000000)
  region size 1024K, 70 young (71680K), 2 survivors (2048K)
 Metaspace       used 104725K, committed 105536K, reserved 1179648K
  class space    used 14509K, committed 14912K, reserved 1048576K
}
Event: 17.729 GC heap after
{Heap after GC invocations=35 (full 0):
 garbage-first heap   total 261120K, used 146180K [0x0000000080000000, 0x0000000100000000)
  region size 1024K, 9 young (9216K), 9 survivors (9216K)
 Metaspace       used 104725K, committed 105536K, reserved 1179648K
  class space    used 14509K, committed 14912K, reserved 1048576K
}
Event: 17.735 GC heap before
{Heap before GC invocations=35 (full 0):
 garbage-first heap   total 261120K, used 146180K [0x0000000080000000, 0x0000000100000000)
  region size 1024K, 10 young (10240K), 9 survivors (9216K)
 Metaspace       used 104725K, committed 105536K, reserved 1179648K
  class space    used 14509K, committed 14912K, reserved 1048576K
}
Event: 17.741 GC heap after
{Heap after GC invocations=36 (full 0):
 garbage-first heap   total 261120K, used 147251K [0x0000000080000000, 0x0000000100000000)
  region size 1024K, 1 young (1024K), 1 survivors (1024K)
 Metaspace       used 104725K, committed 105536K, reserved 1179648K
  class space    used 14509K, committed 14912K, reserved 1048576K
}
Event: 18.118 GC heap before
{Heap before GC invocations=37 (full 0):
 garbage-first heap   total 295936K, used 230195K [0x0000000080000000, 0x0000000100000000)
  region size 1024K, 59 young (60416K), 1 survivors (1024K)
 Metaspace       used 106556K, committed 107328K, reserved 1179648K
  class space    used 14664K, committed 15040K, reserved 1048576K
}
Event: 18.127 GC heap after
{Heap after GC invocations=38 (full 0):
 garbage-first heap   total 295936K, used 164063K [0x0000000080000000, 0x0000000100000000)
  region size 1024K, 8 young (8192K), 8 survivors (8192K)
 Metaspace       used 106556K, committed 107328K, reserved 1179648K
  class space    used 14664K, committed 15040K, reserved 1048576K
}
Event: 18.245 GC heap before
{Heap before GC invocations=38 (full 0):
 garbage-first heap   total 295936K, used 170207K [0x0000000080000000, 0x0000000100000000)
  region size 1024K, 14 young (14336K), 8 survivors (8192K)
 Metaspace       used 107180K, committed 107968K, reserved 1179648K
  class space    used 14719K, committed 15104K, reserved 1048576K
}
Event: 18.255 GC heap after
{Heap after GC invocations=39 (full 0):
 garbage-first heap   total 295936K, used 163470K [0x0000000080000000, 0x0000000100000000)
  region size 1024K, 1 young (1024K), 1 survivors (1024K)
 Metaspace       used 107180K, committed 107968K, reserved 1179648K
  class space    used 14719K, committed 15104K, reserved 1048576K
}
Event: 18.650 GC heap before
{Heap before GC invocations=39 (full 0):
 garbage-first heap   total 295936K, used 234126K [0x0000000080000000, 0x0000000100000000)
  region size 1024K, 71 young (72704K), 1 survivors (1024K)
 Metaspace       used 108695K, committed 109504K, reserved 1179648K
  class space    used 14861K, committed 15232K, reserved 1048576K
}
Event: 18.653 GC heap after
{Heap after GC invocations=40 (full 0):
 garbage-first heap   total 295936K, used 165972K [0x0000000080000000, 0x0000000100000000)
  region size 1024K, 4 young (4096K), 4 survivors (4096K)
 Metaspace       used 108695K, committed 109504K, reserved 1179648K
  class space    used 14861K, committed 15232K, reserved 1048576K
}

