# JRE version: OpenJDK Runtime Environment (17.0.9) (build 17.0.9+0--11185874)
# Java VM: OpenJDK 64-Bit Server VM (17.0.9+0--11185874, mixed mode, tiered, compressed oops, compressed class ptrs, g1 gc, windows-amd64)
GC Precious Log:
 CPUs: 8 total, 8 available
 Memory: 8029M
 Large Page Support: Disabled
 NUMA Support: Disabled
 Compressed Oops: Enabled (32-bit)
 Heap Region Size: 1M
 Heap Min Capacity: 8M
 Heap Initial Capacity: 126M
 Heap Max Capacity: 2008M
 Pre-touch: Disabled
 Parallel Workers: 8
 Concurrent Workers: 2
 Concurrent Refinement Workers: 8
 Periodic GC: Disabled
Heap:
 garbage-first heap   total 71680K, used 51609K [0x0000000082800000, 0x0000000100000000)
  region size 1024K, 16 young (16384K), 3 survivors (3072K)
 Metaspace       used 51404K, committed 51648K, reserved 1114112K
  class space    used 6079K, committed 6208K, reserved 1048576K
GC Heap History (20 events):
Event: 1.554 GC heap before
{Heap before GC invocations=4 (full 0):
 garbage-first heap   total 40960K, used 11304K [0x0000000082800000, 0x0000000100000000)
  region size 1024K, 2 young (2048K), 1 survivors (1024K)
 Metaspace       used 28303K, committed 28480K, reserved 1114112K
  class space    used 3517K, committed 3584K, reserved 1048576K
}
Event: 1.558 GC heap after
{Heap after GC invocations=5 (full 0):
 garbage-first heap   total 40960K, used 11837K [0x0000000082800000, 0x0000000100000000)
  region size 1024K, 1 young (1024K), 1 survivors (1024K)
 Metaspace       used 28303K, committed 28480K, reserved 1114112K
  class space    used 3517K, committed 3584K, reserved 1048576K
}
Event: 1.896 GC heap before
{Heap before GC invocations=5 (full 0):
 garbage-first heap   total 40960K, used 32317K [0x0000000082800000, 0x0000000100000000)
  region size 1024K, 19 young (19456K), 1 survivors (1024K)
 Metaspace       used 30070K, committed 30272K, reserved 1114112K
  class space    used 3885K, committed 3968K, reserved 1048576K
}
Event: 1.906 GC heap after
{Heap after GC invocations=6 (full 0):
 garbage-first heap   total 40960K, used 18146K [0x0000000082800000, 0x0000000100000000)
  region size 1024K, 3 young (3072K), 3 survivors (3072K)
 Metaspace       used 30070K, committed 30272K, reserved 1114112K
  class space    used 3885K, committed 3968K, reserved 1048576K
}
Event: 2.110 GC heap before
{Heap before GC invocations=6 (full 0):
 garbage-first heap   total 40960K, used 29410K [0x0000000082800000, 0x0000000100000000)
  region size 1024K, 15 young (15360K), 3 survivors (3072K)
 Metaspace       used 33402K, committed 33664K, reserved 1114112K
  class space    used 4266K, committed 4416K, reserved 1048576K
}
Event: 2.118 GC heap after
{Heap after GC invocations=7 (full 0):
 garbage-first heap   total 58368K, used 19638K [0x0000000082800000, 0x0000000100000000)
  region size 1024K, 2 young (2048K), 2 survivors (2048K)
 Metaspace       used 33402K, committed 33664K, reserved 1114112K
  class space    used 4266K, committed 4416K, reserved 1048576K
}
Event: 2.294 GC heap before
{Heap before GC invocations=7 (full 0):
 garbage-first heap   total 58368K, used 30902K [0x0000000082800000, 0x0000000100000000)
  region size 1024K, 15 young (15360K), 2 survivors (2048K)
 Metaspace       used 35746K, committed 35968K, reserved 1114112K
  class space    used 4533K, committed 4672K, reserved 1048576K
}
Event: 2.298 GC heap after
{Heap after GC invocations=8 (full 0):
 garbage-first heap   total 58368K, used 18724K [0x0000000082800000, 0x0000000100000000)
  region size 1024K, 3 young (3072K), 3 survivors (3072K)
 Metaspace       used 35746K, committed 35968K, reserved 1114112K
  class space    used 4533K, committed 4672K, reserved 1048576K
}
Event: 2.566 GC heap before
{Heap before GC invocations=9 (full 0):
 garbage-first heap   total 58368K, used 42276K [0x0000000082800000, 0x0000000100000000)
  region size 1024K, 27 young (27648K), 3 survivors (3072K)
 Metaspace       used 40680K, committed 40896K, reserved 1114112K
  class space    used 4995K, committed 5120K, reserved 1048576K
}
Event: 2.571 GC heap after
{Heap after GC invocations=10 (full 0):
 garbage-first heap   total 58368K, used 20964K [0x0000000082800000, 0x0000000100000000)
  region size 1024K, 4 young (4096K), 4 survivors (4096K)
 Metaspace       used 40680K, committed 40896K, reserved 1114112K
  class space    used 4995K, committed 5120K, reserved 1048576K
}
Event: 2.946 GC heap before
{Heap before GC invocations=10 (full 0):
 garbage-first heap   total 58368K, used 44516K [0x0000000082800000, 0x0000000100000000)
  region size 1024K, 26 young (26624K), 4 survivors (4096K)
 Metaspace       used 46342K, committed 46592K, reserved 1114112K
  class space    used 5647K, committed 5760K, reserved 1048576K
}
Event: 2.952 GC heap after
{Heap after GC invocations=11 (full 0):
 garbage-first heap   total 58368K, used 25442K [0x0000000082800000, 0x0000000100000000)
  region size 1024K, 3 young (3072K), 3 survivors (3072K)
 Metaspace       used 46342K, committed 46592K, reserved 1114112K
  class space    used 5647K, committed 5760K, reserved 1048576K
}
Event: 3.009 GC heap before
{Heap before GC invocations=11 (full 0):
 garbage-first heap   total 58368K, used 44898K [0x0000000082800000, 0x0000000100000000)
  region size 1024K, 22 young (22528K), 3 survivors (3072K)
 Metaspace       used 46545K, committed 46784K, reserved 1114112K
  class space    used 5655K, committed 5760K, reserved 1048576K
}
Event: 3.013 GC heap after
{Heap after GC invocations=12 (full 0):
 garbage-first heap   total 70656K, used 26519K [0x0000000082800000, 0x0000000100000000)
  region size 1024K, 2 young (2048K), 2 survivors (2048K)
 Metaspace       used 46545K, committed 46784K, reserved 1114112K
  class space    used 5655K, committed 5760K, reserved 1048576K
}
Event: 3.246 GC heap before
{Heap before GC invocations=12 (full 0):
 garbage-first heap   total 70656K, used 54167K [0x0000000082800000, 0x0000000100000000)
  region size 1024K, 29 young (29696K), 2 survivors (2048K)
 Metaspace       used 48142K, committed 48384K, reserved 1114112K
  class space    used 5838K, committed 5952K, reserved 1048576K
}
Event: 3.253 GC heap after
{Heap after GC invocations=13 (full 0):
 garbage-first heap   total 70656K, used 30566K [0x0000000082800000, 0x0000000100000000)
  region size 1024K, 4 young (4096K), 4 survivors (4096K)
 Metaspace       used 48142K, committed 48384K, reserved 1114112K
  class space    used 5838K, committed 5952K, reserved 1048576K
}
Event: 3.622 GC heap before
{Heap before GC invocations=13 (full 0):
 garbage-first heap   total 70656K, used 54118K [0x0000000082800000, 0x0000000100000000)
  region size 1024K, 27 young (27648K), 4 survivors (4096K)
 Metaspace       used 50715K, committed 50944K, reserved 1114112K
  class space    used 6053K, committed 6144K, reserved 1048576K
}
Event: 3.633 GC heap after
{Heap after GC invocations=14 (full 0):
 garbage-first heap   total 70656K, used 36093K [0x0000000082800000, 0x0000000100000000)
  region size 1024K, 4 young (4096K), 4 survivors (4096K)
 Metaspace       used 50715K, committed 50944K, reserved 1114112K
  class space    used 6053K, committed 6144K, reserved 1048576K
}
Event: 3.889 GC heap before
{Heap before GC invocations=14 (full 0):
 garbage-first heap   total 70656K, used 53501K [0x0000000082800000, 0x0000000100000000)
  region size 1024K, 21 young (21504K), 4 survivors (4096K)
 Metaspace       used 51352K, committed 51520K, reserved 1114112K
  class space    used 6072K, committed 6144K, reserved 1048576K
}
Event: 3.900 GC heap after
{Heap after GC invocations=15 (full 0):
 garbage-first heap   total 70656K, used 39321K [0x0000000082800000, 0x0000000100000000)
  region size 1024K, 3 young (3072K), 3 survivors (3072K)
 Metaspace       used 51352K, committed 51520K, reserved 1114112K
  class space    used 6072K, committed 6144K, reserved 1048576K
}

